[[ 1. -2.]
 [-6.  3.]
 [-1.  9.]
 [-3. -5.]
 [ 9.  1.]]
---------------------
Evaluation 0
Vector U
[[ 1.  12. ]
 [-3.   3. ]
 [-5.  -5. ]
 [11.5 -5. ]
 [-1.5 -5. ]]
Change 1
[-6.  3.]  <--  [-3.  3.]
Change 4
[9. 1.]  <--  [-1.5 -5. ]
Selection
[[ 1.  -2. ]
 [-3.   3. ]
 [-1.   9. ]
 [-3.  -5. ]
 [-1.5 -5. ]]
---------------------
Evaluation 1
Vector U
[[-4.  -2. ]
 [-3.  -3.5]
 [-3.5 -6.5]
 [ 0.5 -7.5]
 [-4.   0.5]]
Change 3
[-3. -5.]  <--  [ 0.5 -7.5]
Selection
[[ 1.  -2. ]
 [-3.   3. ]
 [-1.   9. ]
 [ 0.5 -7.5]
 [-1.5 -5. ]]
---------------------
Evaluation 2
Vector U
[[-2.   10.25]
 [-2.25  7.5 ]
 [-1.75 -7.75]
 [ 0.5  -8.  ]
 [ 2.    1.  ]]
Change 1
[-3.  3.]  <--  [-2.25  7.5 ]
Change 4
[-1.5 -5. ]  <--  [2. 1.]
Selection
[[ 1.   -2.  ]
 [-2.25  7.5 ]
 [-1.    9.  ]
 [ 0.5  -7.5 ]
 [ 2.    1.  ]]
---------------------
Evaluation 3
Vector U
[[ 1.    1.75]
 [ 2.5  -6.  ]
 [-2.5   9.  ]
 [ 1.    6.5 ]
 [-0.75 11.75]]
Change 0
[ 1. -2.]  <--  [1.   1.75]
Change 2
[-1.  9.]  <--  [-2.5  9. ]
Change 3
[ 0.5 -7.5]  <--  [1.  6.5]
Selection
[[ 1.    1.75]
 [-2.25  7.5 ]
 [-2.5   9.  ]
 [ 1.    6.5 ]
 [ 2.    1.  ]]
---------------------
Evaluation 4
Vector U
[[ 1.     3.5  ]
 [ 2.75   2.875]
 [ 1.5   -1.   ]
 [ 3.25  -2.25 ]
 [ 0.875  7.25 ]]
Selection
[[ 1.    1.75]
 [-2.25  7.5 ]
 [-2.5   9.  ]
 [ 1.    6.5 ]
 [ 2.    1.  ]]
---------------------
Evaluation 5
Vector U
[[ 1.     6.25 ]
 [ 1.5   -1.   ]
 [-1.75   9.   ]
 [ 0.375  3.875]
 [-4.     8.75 ]]
Change 3
[1.  6.5]  <--  [0.375 3.875]
Selection
[[ 1.     1.75 ]
 [-2.25   7.5  ]
 [-2.5    9.   ]
 [ 0.375  3.875]
 [ 2.     1.   ]]
---------------------
Evaluation 6
Vector U
[[-1.1875  7.1875]
 [-2.1875  7.9375]
 [ 0.1875  3.1875]
 [ 1.875   1.75  ]
 [ 2.      4.9375]]
Change 3
[0.375 3.875]  <--  [1.875 1.75 ]
Change 4
[2. 1.]  <--  [2.     4.9375]
Selection
[[ 1.      1.75  ]
 [-2.25    7.5   ]
 [-2.5     9.    ]
 [ 1.875   1.75  ]
 [ 2.      4.9375]]
---------------------
Evaluation 7
Vector U
[[ 2.      1.    ]
 [ 3.625  -1.875 ]
 [-0.25    9.    ]
 [ 1.875   5.6875]
 [-0.0625  3.875 ]]
Selection
[[ 1.      1.75  ]
 [-2.25    7.5   ]
 [-2.5     9.    ]
 [ 1.875   1.75  ]
 [ 2.      4.9375]]
---------------------
Evaluation 8
Vector U
[[ 2.125    4.1875 ]
 [-3.       7.40625]
 [ 1.375    0.15625]
 [ 3.125    0.46875]
 [-0.0625   3.875  ]]
Change 0
[1.   1.75]  <--  [2.125  4.1875]
Change 1
[-2.25  7.5 ]  <--  [-3.       7.40625]
Change 2
[-2.5  9. ]  <--  [1.375   0.15625]
Selection
[[ 2.125    4.1875 ]
 [-3.       7.40625]
 [ 1.375    0.15625]
 [ 1.875    1.75   ]
 [ 2.       4.9375 ]]
---------------------
Evaluation 9
Vector U
[[-3.25      6.609375]
 [ 1.9375    1.375   ]
 [ 4.625     2.953125]
 [ 4.1875    1.3125  ]
 [ 2.375     4.984375]]
Change 4
[2.     4.9375]  <--  [2.375    4.984375]
Selection
[[ 2.125     4.1875  ]
 [-3.        7.40625 ]
 [ 1.375     0.15625 ]
 [ 1.875     1.75    ]
 [ 2.375     4.984375]]
---------------------
Evaluation 10
Vector U
[[-0.8125     2.9609375]
 [ 2.         2.1484375]
 [ 4.9375     3.375    ]
 [-3.125      7.0078125]
 [ 2.25       3.765625 ]]
Selection
[[ 2.125     4.1875  ]
 [-3.        7.40625 ]
 [ 1.375     0.15625 ]
 [ 1.875     1.75    ]
 [ 2.375     4.984375]]
---------------------
Evaluation 11
Vector U
[[-2.75       8.203125 ]
 [ 2.375      4.1640625]
 [-3.25       0.15625  ]
 [ 1.875      1.359375 ]
 [-3.25       6.609375 ]]
Change 1
[-3.       7.40625]  <--  [2.375     4.1640625]
Selection
[[2.125     4.1875   ]
 [2.375     4.1640625]
 [1.375     0.15625  ]
 [1.875     1.75     ]
 [2.375     4.984375 ]]
---------------------
Evaluation 12
Vector U
[[2.125      1.33984375]
 [1.875      2.5703125 ]
 [2.125      2.546875  ]
 [2.875      6.578125  ]
 [1.625      1.36328125]]
Change 1
[2.375     4.1640625]  <--  [1.875     2.5703125]
Selection
[[2.125     4.1875   ]
 [1.875     2.5703125]
 [1.375     0.15625  ]
 [1.875     1.75     ]
 [2.375     4.984375 ]]
---------------------
Evaluation 13
Vector U
[[ 1.375       0.15625   ]
 [ 1.125      -1.4609375 ]
 [ 2.125       2.95703125]
 [ 2.25        4.17578125]
 [ 1.625       0.54296875]]
Change 2
[1.375   0.15625]  <--  [2.125      2.95703125]
Change 3
[1.875 1.75 ]  <--  [2.25       4.17578125]
Selection
[[2.125      4.1875    ]
 [1.875      2.5703125 ]
 [2.125      2.95703125]
 [2.25       4.17578125]
 [2.375      4.984375  ]]
---------------------
Evaluation 14
Vector U
[[2.375      4.36914062]
 [1.875      3.77734375]
 [2.5        5.79296875]
 [2.375      4.17578125]
 [2.375      4.36914062]]
Change 1
[1.875     2.5703125]  <--  [1.875      3.77734375]
Change 2
[2.125      2.95703125]  <--  [2.5        5.79296875]
Selection
[[2.125      4.1875    ]
 [1.875      3.77734375]
 [2.5        5.79296875]
 [2.25       4.17578125]
 [2.375      4.984375  ]]
---------------------
Evaluation 15
Vector U
[[2.4375     5.38867188]
 [2.25       4.99609375]
 [1.9375     5.79296875]
 [2.375      5.39453125]
 [2.375      3.97070312]]
Change 3
[2.25       4.17578125]  <--  [2.375      5.39453125]
Selection
[[2.125      4.1875    ]
 [1.875      3.77734375]
 [2.5        5.79296875]
 [2.375      5.39453125]
 [2.375      4.984375  ]]
---------------------
Evaluation 16
Vector U
[[2.75       6.39648438]
 [2.4375     3.77734375]
 [2.5        5.58789062]
 [2.375      3.9765625 ]
 [2.375      6.39648438]]
Selection
[[2.125      4.1875    ]
 [1.875      3.77734375]
 [2.5        5.79296875]
 [2.375      5.39453125]
 [2.375      4.984375  ]]
---------------------
Evaluation 17
Vector U
[[1.8125     3.578125  ]
 [1.875      4.38085938]
 [2.125      5.79296875]
 [1.8125     3.37304688]
 [2.1875     4.59179688]]
Change 0
[2.125  4.1875]  <--  [1.8125   3.578125]
Change 3
[2.375      5.39453125]  <--  [1.8125     3.37304688]
Change 4
[2.375    4.984375]  <--  [2.1875     4.59179688]
Selection
[[1.8125     3.578125  ]
 [1.875      3.77734375]
 [2.5        5.79296875]
 [1.8125     3.37304688]
 [2.1875     4.59179688]]
---------------------
Evaluation 18
Vector U
[[1.5        2.36523438]
 [2.5        5.89550781]
 [1.78125    3.2734375 ]
 [2.53125    5.89257812]
 [1.46875    2.36816406]]
Change 0
[1.8125   3.578125]  <--  [1.5        2.36523438]
Change 2
[2.5        5.79296875]  <--  [1.78125   3.2734375]
Change 4
[2.1875     4.59179688]  <--  [1.46875    2.36816406]
Selection
[[1.5        2.36523438]
 [1.875      3.77734375]
 [1.78125    3.2734375 ]
 [1.8125     3.37304688]
 [1.46875    2.36816406]]
---------------------
Evaluation 19
Vector U
[[1.96875    3.82568359]
 [1.65625    2.81787109]
 [1.65625    3.07421875]
 [1.59375    2.56738281]
 [2.015625   4.23144531]]
Change 1
[1.875      3.77734375]  <--  [1.65625    2.81787109]
Change 3
[1.8125     3.37304688]  <--  [1.59375    2.56738281]
Selection
[[1.5        2.36523438]
 [1.65625    2.81787109]
 [1.78125    3.2734375 ]
 [1.59375    2.56738281]
 [1.46875    2.36816406]]
---------------------
Evaluation 20
Vector U
[[1.75       3.02001953]
 [1.84375    3.37304688]
 [1.59375    2.59008789]
 [1.796875   3.27197266]
 [1.734375   3.02148438]]
Change 2
[1.78125   3.2734375]  <--  [1.59375    2.59008789]
Change 4
[1.46875    2.36816406]  <--  [1.734375   3.02148438]
Selection
[[1.5        2.36523438]
 [1.65625    2.81787109]
 [1.59375    2.59008789]
 [1.59375    2.56738281]
 [1.734375   3.02148438]]
---------------------
Evaluation 21
Vector U
[[1.5859375  2.59082031]
 [1.4765625  2.23925781]
 [1.765625   3.14672852]
 [1.46875    2.25134277]
 [1.546875   2.45495605]]
Change 0
[1.5        2.36523438]  <--  [1.5859375  2.59082031]
Change 1
[1.65625    2.81787109]  <--  [1.4765625  2.23925781]
Change 3
[1.59375    2.56738281]  <--  [1.46875    2.25134277]
Change 4
[1.734375   3.02148438]  <--  [1.546875   2.45495605]
Selection
[[1.5859375  2.59082031]
 [1.4765625  2.23925781]
 [1.59375    2.59008789]
 [1.46875    2.25134277]
 [1.546875   2.45495605]]
---------------------
Evaluation 22
Vector U
[[1.4453125  2.18377686]
 [1.61328125 2.65802002]
 [1.4375     2.13745117]
 [1.62890625 2.25134277]
 [1.6484375  2.76586914]]
Change 0
[1.5859375  2.59082031]  <--  [1.4453125  2.18377686]
Change 2
[1.59375    2.59008789]  <--  [1.4375     2.13745117]
Selection
[[1.4453125  2.18377686]
 [1.4765625  2.23925781]
 [1.4375     2.13745117]
 [1.46875    2.25134277]
 [1.546875   2.45495605]]
---------------------
Evaluation 23
Vector U
[[1.4140625  2.09259033]
 [1.4765625  2.23925781]
 [1.53515625 2.13745117]
 [1.390625   2.25134277]
 [1.453125   2.22360229]]
Change 0
[1.4453125  2.18377686]  <--  [1.4140625  2.09259033]
Selection
[[1.4140625  2.09259033]
 [1.4765625  2.23925781]
 [1.4375     2.13745117]
 [1.46875    2.25134277]
 [1.546875   2.45495605]]
---------------------
Evaluation 24
Vector U
[[1.52734375 2.40405273]
 [1.4765625  2.23925781]
 [1.375      1.99078369]
 [1.40625    2.06411743]
 [1.43359375 2.14349365]]
Change 3
[1.46875    2.25134277]  <--  [1.40625    2.06411743]
Change 4
[1.546875   2.45495605]  <--  [1.43359375 2.14349365]
Selection
[[1.4140625  2.09259033]
 [1.4765625  2.23925781]
 [1.4375     2.13745117]
 [1.40625    2.06411743]
 [1.43359375 2.14349365]]
---------------------
Evaluation 25
Vector U
[[1.4140625  2.19439697]
 [1.4375     2.1577301 ]
 [1.40234375 2.07015991]
 [1.44726562 2.16290283]
 [1.4296875  2.1292572 ]]
Change 3
[1.40625    2.06411743]  <--  [1.44726562 2.16290283]
Change 4
[1.43359375 2.14349365]  <--  [1.4296875 2.1292572]
Selection
[[1.4140625  2.09259033]
 [1.4765625  2.23925781]
 [1.4375     2.13745117]
 [1.44726562 2.16290283]
 [1.4296875  2.1292572 ]]
---------------------
Evaluation 26
Vector U
[[1.47167969 2.22653198]
 [1.42480469 2.11653137]
 [1.39941406 2.05441284]
 [1.41796875 2.10682678]
 [1.39453125 2.04168701]]
Change 0
[1.4140625  2.09259033]  <--  [1.47167969 2.22653198]
Selection
[[1.47167969 2.22653198]
 [1.4765625  2.23925781]
 [1.4375     2.13745117]
 [1.44726562 2.16290283]
 [1.4296875  2.1292572 ]]
---------------------
Evaluation 27
Vector U
[[1.4140625  2.08245087]
 [1.44335938 2.15880585]
 [1.49511719 2.28153229]
 [1.47558594 2.23062897]
 [1.4765625  2.23925781]]
Change 0
[1.47167969 2.22653198]  <--  [1.4140625  2.08245087]
Change 4
[1.4296875 2.1292572]  <--  [1.4765625  2.23925781]
Selection
[[1.4140625  2.08245087]
 [1.4765625  2.23925781]
 [1.4375     2.13745117]
 [1.44726562 2.16290283]
 [1.4765625  2.23925781]]
---------------------
Evaluation 28
Vector U
[[1.45214844 2.08245087]
 [1.45214844 2.17562866]
 [1.4453125  2.16085434]
 [1.4375     2.13745117]
 [1.46484375 2.21175766]]
Change 0
[1.4140625  2.08245087]  <--  [1.45214844 2.08245087]
Change 1
[1.4765625  2.23925781]  <--  [1.45214844 2.17562866]
Change 3
[1.44726562 2.16290283]  <--  [1.4375     2.13745117]
Selection
[[1.45214844 2.08245087]
 [1.45214844 2.17562866]
 [1.4375     2.13745117]
 [1.4375     2.13745117]
 [1.4765625  2.23925781]]
---------------------
Evaluation 29
Vector U
[[1.42529297 2.1056366 ]
 [1.45214844 2.08245087]
 [1.46923828 2.22016907]
 [1.42529297 2.1056366 ]
 [1.45214844 2.08245087]]
Change 1
[1.45214844 2.17562866]  <--  [1.45214844 2.08245087]
Change 3
[1.4375     2.13745117]  <--  [1.42529297 2.1056366 ]
Change 4
[1.4765625  2.23925781]  <--  [1.45214844 2.08245087]
Selection
[[1.45214844 2.08245087]
 [1.45214844 2.08245087]
 [1.4375     2.13745117]
 [1.42529297 2.1056366 ]
 [1.45214844 2.08245087]]
---------------------
Evaluation 30
Vector U
[[1.4375     2.08245087]
 [1.46557617 2.070858  ]
 [1.42529297 2.1056366 ]
 [1.44482422 2.10995102]
 [1.45214844 2.08245087]]
Change 0
[1.45214844 2.08245087]  <--  [1.4375     2.08245087]
Change 2
[1.4375     2.13745117]  <--  [1.42529297 2.1056366 ]
Change 3
[1.42529297 2.1056366 ]  <--  [1.44482422 2.10995102]
Selection
[[1.4375     2.08245087]
 [1.45214844 2.08245087]
 [1.42529297 2.1056366 ]
 [1.44482422 2.10995102]
 [1.45214844 2.08245087]]
---------------------
Evaluation 31
Vector U
[[1.45825195 2.09835815]
 [1.45825195 2.08245087]
 [1.42529297 2.08245087]
 [1.42407227 2.09404373]
 [1.45092773 2.070858  ]]
Change 2
[1.42529297 2.1056366 ]  <--  [1.42529297 2.08245087]
Selection
[[1.4375     2.08245087]
 [1.45214844 2.08245087]
 [1.42529297 2.08245087]
 [1.44482422 2.10995102]
 [1.45214844 2.08245087]]
---------------------
Evaluation 32
Vector U
[[1.4375     2.06870079]
 [1.42163086 2.06870079]
 [1.44482422 2.10995102]
 [1.44482422 2.10995102]
 [1.44726562 2.09620094]]
Change 0
[1.4375     2.08245087]  <--  [1.4375     2.06870079]
Change 1
[1.45214844 2.08245087]  <--  [1.42163086 2.06870079]
Change 2
[1.42529297 2.08245087]  <--  [1.44482422 2.10995102]
Change 4
[1.45214844 2.08245087]  <--  [1.44726562 2.09620094]
Selection
[[1.4375     2.06870079]
 [1.42163086 2.06870079]
 [1.44482422 2.10995102]
 [1.44482422 2.10995102]
 [1.44726562 2.09620094]]
---------------------
Evaluation 33
Vector U
[[1.44604492 2.10307598]
 [1.44360352 2.06870079]
 [1.44909668 2.0893259 ]
 [1.45275879 2.10995102]
 [1.42163086 2.06870079]]
Change 1
[1.42163086 2.06870079]  <--  [1.44360352 2.06870079]
Change 2
[1.44482422 2.10995102]  <--  [1.44909668 2.0893259 ]
Selection
[[1.4375     2.06870079]
 [1.44360352 2.06870079]
 [1.44909668 2.0893259 ]
 [1.44482422 2.10995102]
 [1.44726562 2.09620094]]
---------------------
Evaluation 34
Vector U
[[1.44940186 2.08588839]
 [1.44787598 2.09620094]
 [1.45092773 2.11682606]
 [1.43658447 2.07213831]
 [1.44207764 2.09963846]]
Change 3
[1.44482422 2.10995102]  <--  [1.43658447 2.07213831]
Selection
[[1.4375     2.06870079]
 [1.44360352 2.06870079]
 [1.44909668 2.0893259 ]
 [1.43658447 2.07213831]
 [1.44726562 2.09620094]]
---------------------
Evaluation 35
Vector U
[[1.44894409 2.08073211]
 [1.44284058 2.08073211]
 [1.45077515 2.09448218]
 [1.44940186 2.07901335]
 [1.43475342 2.05838823]]
Change 1
[1.44360352 2.06870079]  <--  [1.44284058 2.08073211]
Change 4
[1.44726562 2.09620094]  <--  [1.43475342 2.05838823]
Selection
[[1.4375     2.06870079]
 [1.44284058 2.08073211]
 [1.44909668 2.0893259 ]
 [1.43658447 2.07213831]
 [1.43475342 2.05838823]]
---------------------
Evaluation 36
Vector U
[[1.42849731 2.04979444]
 [1.42941284 2.05666947]
 [1.43925476 2.07815397]
 [1.43162537 2.05409133]
 [1.43437195 2.06440389]]
Change 0
[1.4375     2.06870079]  <--  [1.42849731 2.04979444]
Change 1
[1.44284058 2.08073211]  <--  [1.42941284 2.05666947]
Change 2
[1.44909668 2.0893259 ]  <--  [1.43925476 2.07815397]
Change 3
[1.43658447 2.07213831]  <--  [1.43162537 2.05409133]
Selection
[[1.42849731 2.04979444]
 [1.42941284 2.05666947]
 [1.43925476 2.07815397]
 [1.43162537 2.05409133]
 [1.43475342 2.05838823]]
---------------------
Evaluation 37
Vector U
[[1.43322754 2.06870079]
 [1.42624664 2.03991157]
 [1.43521118 2.06182575]
 [1.44013214 2.072568  ]
 [1.4381485  2.07944304]]
Change 1
[1.42941284 2.05666947]  <--  [1.42624664 2.03991157]
Change 2
[1.43925476 2.07815397]  <--  [1.43521118 2.06182575]
Selection
[[1.42849731 2.04979444]
 [1.42624664 2.03991157]
 [1.43521118 2.06182575]
 [1.43162537 2.05409133]
 [1.43475342 2.05838823]]
---------------------
Evaluation 38
Vector U
[[1.43744278 2.06547812]
 [1.43833923 2.06612265]
 [1.43521118 2.044853  ]
 [1.43408585 2.05688432]
 [1.42468262 2.03776312]]
Change 4
[1.43475342 2.05838823]  <--  [1.42468262 2.03776312]
Selection
[[1.42849731 2.04979444]
 [1.42624664 2.03991157]
 [1.43521118 2.06182575]
 [1.43162537 2.05409133]
 [1.42468262 2.03776312]]
---------------------
Evaluation 39
Vector U
[[1.42849731 2.04979444]
 [1.43688965 2.06612265]
 [1.42737198 2.044853  ]
 [1.42355728 2.05409133]
 [1.4271431  2.04313424]]
Change 2
[1.43521118 2.06182575]  <--  [1.42737198 2.044853  ]
Selection
[[1.42849731 2.04979444]
 [1.42624664 2.03991157]
 [1.42737198 2.044853  ]
 [1.43162537 2.05409133]
 [1.42468262 2.03776312]]
